<?xml version="1.0" encoding="UTF-8"?>
<!-- Generated by org.testng.reporters.JUnitReportReporter -->
<testsuite skipped="0" hostname="PU-NB-MSIN" name="com.automation.testcases.GoogleFirstTestCase" tests="2" failures="0" timestamp="23 Jul 2018 12:38:42 GMT" time="59.466" errors="0">
  <testcase name="testCase2" time="35.870" classname="com.automation.testcases.GoogleFirstTestCase"/>
  <testcase name="testCase1" time="23.596" classname="com.automation.testcases.GoogleFirstTestCase"/>
</testsuite> <!-- com.automation.testcases.GoogleFirstTestCase -->
