<?xml version="1.0" encoding="UTF-8"?>
<!-- Generated by org.testng.reporters.JUnitReportReporter -->
<testsuite skipped="0" hostname="PU-NB-MSIN" name="com.automation.testcases.AmazonThirdTestCase" tests="3" failures="0" timestamp="26 Jul 2018 11:44:24 GMT" time="121.816" errors="0">
  <testcase name="testSearchProductOne" time="41.436" classname="com.automation.testcases.AmazonThirdTestCase"/>
  <testcase name="testSearchProductOne" time="38.503" classname="com.automation.testcases.AmazonThirdTestCase"/>
  <testcase name="testSearchProductOne" time="41.877" classname="com.automation.testcases.AmazonThirdTestCase"/>
</testsuite> <!-- com.automation.testcases.AmazonThirdTestCase -->
