<?xml version="1.0" encoding="UTF-8"?>
<!-- Generated by org.testng.reporters.JUnitReportReporter -->
<testsuite skipped="0" hostname="PU-NB-MSIN" name="com.automation.testcases.GoogleSecondTestCase" tests="1" failures="0" timestamp="23 Jul 2018 12:38:42 GMT" time="17.929" errors="0">
  <testcase name="SearchAndAssertTest" time="17.929" classname="com.automation.testcases.GoogleSecondTestCase"/>
</testsuite> <!-- com.automation.testcases.GoogleSecondTestCase -->
