<?xml version="1.0" encoding="UTF-8"?>
<!-- Generated by org.testng.reporters.JUnitReportReporter -->
<testsuite skipped="0" hostname="PU-NB-MSIN" name="com.automation.testcases.AmazonSecondTestCase" tests="1" failures="0" timestamp="26 Jul 2018 10:19:00 GMT" time="32.541" errors="0">
  <testcase name="testSearchProductOne" time="32.541" classname="com.automation.testcases.AmazonSecondTestCase"/>
</testsuite> <!-- com.automation.testcases.AmazonSecondTestCase -->
